[     410ms] [INFO] %cDownload the React DevTools for a better development experience: https://react.dev/link/react-devtools font-weight:bold @ http://localhost:3001/_next/static/chunks/0rrs_next_dist_0a7eobh._.js:2477
[     449ms] [LOG] [HMR] connected @ http://localhost:3001/_next/static/chunks/0rrs_next_dist_0a7eobh._.js:2477
[     584ms] [LOG] [Fast Refresh] rebuilding @ http://localhost:3001/_next/static/chunks/0rrs_next_dist_0a7eobh._.js:2477
[     605ms] [LOG] [Fast Refresh] done in 122ms @ http://localhost:3001/_next/static/chunks/0rrs_next_dist_0a7eobh._.js:2477
[     681ms] [WARNING] Clerk: Clerk has been loaded with development keys. Development instances have strict usage limits and should not be used when deploying your application to production. Learn more: https://clerk.com/docs/deployments/overview @ http://localhost:3001/_next/static/chunks/0rrs_next_dist_0a7eobh._.js:2477
[     763ms] [LOG] [Fast Refresh] rebuilding @ http://localhost:3001/_next/static/chunks/0rrs_next_dist_0a7eobh._.js:2477
[     774ms] [LOG] [Fast Refresh] done in 113ms @ http://localhost:3001/_next/static/chunks/0rrs_next_dist_0a7eobh._.js:2477
[    6391ms] [LOG] [Fast Refresh] rebuilding @ http://localhost:3001/_next/static/chunks/0rrs_next_dist_0a7eobh._.js:2477
[    6392ms] [LOG] [Fast Refresh] done in 103ms @ http://localhost:3001/_next/static/chunks/0rrs_next_dist_0a7eobh._.js:2477
[   89898ms] [LOG] [Fast Refresh] rebuilding @ http://localhost:3001/_next/static/chunks/0rrs_next_dist_0a7eobh._.js:2477
[   90101ms] [LOG] [Fast Refresh] done in 286ms @ http://localhost:3001/_next/static/chunks/0rrs_next_dist_0a7eobh._.js:2477
[   90429ms] [LOG] [Fast Refresh] rebuilding @ http://localhost:3001/_next/static/chunks/0rrs_next_dist_0a7eobh._.js:2477
[   90520ms] [LOG] [Fast Refresh] done in 194ms @ http://localhost:3001/_next/static/chunks/0rrs_next_dist_0a7eobh._.js:2477
[   91036ms] [LOG] [Fast Refresh] rebuilding @ http://localhost:3001/_next/static/chunks/0rrs_next_dist_0a7eobh._.js:2477
[   91061ms] [LOG] [Fast Refresh] done in 127ms @ http://localhost:3001/_next/static/chunks/0rrs_next_dist_0a7eobh._.js:2477
[   94180ms] [LOG] [Fast Refresh] rebuilding @ http://localhost:3001/_next/static/chunks/0rrs_next_dist_0a7eobh._.js:2477
[   95284ms] [LOG] [Fast Refresh] done in 1204ms @ http://localhost:3001/_next/static/chunks/0rrs_next_dist_0a7eobh._.js:2477
[   97518ms] [LOG] [Fast Refresh] rebuilding @ http://localhost:3001/_next/static/chunks/0rrs_next_dist_0a7eobh._.js:2477
[   97550ms] [LOG] [Fast Refresh] done in 134ms @ http://localhost:3001/_next/static/chunks/0rrs_next_dist_0a7eobh._.js:2477
[  134583ms] [LOG] [Fast Refresh] rebuilding @ http://localhost:3001/_next/static/chunks/0rrs_next_dist_0a7eobh._.js:2477
[  135129ms] [LOG] [Fast Refresh] done in 646ms @ http://localhost:3001/_next/static/chunks/0rrs_next_dist_0a7eobh._.js:2477
[  139309ms] [LOG] [Fast Refresh] rebuilding @ http://localhost:3001/_next/static/chunks/0rrs_next_dist_0a7eobh._.js:2477
[  139332ms] [LOG] [Fast Refresh] done in 124ms @ http://localhost:3001/_next/static/chunks/0rrs_next_dist_0a7eobh._.js:2477
[  164570ms] [LOG] [Fast Refresh] rebuilding @ http://localhost:3001/_next/static/chunks/0rrs_next_dist_0a7eobh._.js:2477
[  164573ms] [LOG] [Fast Refresh] done in 104ms @ http://localhost:3001/_next/static/chunks/0rrs_next_dist_0a7eobh._.js:2477
[  189228ms] [LOG] [Fast Refresh] rebuilding @ http://localhost:3001/_next/static/chunks/0rrs_next_dist_0a7eobh._.js:2477
[  189364ms] [LOG] [Fast Refresh] done in 167ms @ http://localhost:3001/_next/static/chunks/0rrs_next_dist_0a7eobh._.js:2477
