[     201ms] [LOG] [SW] Registered, scope: https://dividen.ai/ @ https://dividen.ai/_next/static/chunks/app/layout-6d2d03e3.js:0
[     290ms] [WARNING] <meta name="apple-mobile-web-app-capable" content="yes"> is deprecated. Please include <meta name="mobile-web-app-capable" content="yes"> @ https://dividen.ai/dashboard:0
[  182752ms] [VERBOSE] [DOM] Password field is not contained in a form: (More info: https://goo.gl/9p2vKq) %o @ https://dividen.ai/dashboard:0
[  301506ms] [ERROR] Failed to load resource: net::ERR_HTTP2_PROTOCOL_ERROR @ https://dividen.ai/api/activity/stream:0
[  387845ms] [VERBOSE] [DOM] Password field is not contained in a form: (More info: https://goo.gl/9p2vKq) %o @ https://dividen.ai/dashboard:0
[  455444ms] [VERBOSE] [DOM] Password field is not contained in a form: (More info: https://goo.gl/9p2vKq) %o @ https://dividen.ai/dashboard:0
[  604555ms] [ERROR] Failed to load resource: net::ERR_HTTP2_PROTOCOL_ERROR @ https://dividen.ai/api/activity/stream:0
[  697271ms] [VERBOSE] [DOM] Password field is not contained in a form: (More info: https://goo.gl/9p2vKq) %o @ https://dividen.ai/dashboard:0
[  739135ms] [VERBOSE] [DOM] Password field is not contained in a form: (More info: https://goo.gl/9p2vKq) %o @ https://dividen.ai/dashboard:0
[  774216ms] [VERBOSE] [DOM] Password field is not contained in a form: (More info: https://goo.gl/9p2vKq) %o @ https://dividen.ai/dashboard:0
[  808339ms] [VERBOSE] [DOM] Password field is not contained in a form: (More info: https://goo.gl/9p2vKq) %o @ https://dividen.ai/dashboard:0
[  843486ms] [VERBOSE] [DOM] Password field is not contained in a form: (More info: https://goo.gl/9p2vKq) %o @ https://dividen.ai/dashboard:0
[  907668ms] [ERROR] Failed to load resource: net::ERR_HTTP2_PROTOCOL_ERROR @ https://dividen.ai/api/activity/stream:0
[ 1211679ms] [ERROR] Failed to load resource: net::ERR_HTTP2_PROTOCOL_ERROR @ https://dividen.ai/api/activity/stream:0
[ 1515055ms] [ERROR] Failed to load resource: net::ERR_HTTP2_PROTOCOL_ERROR @ https://dividen.ai/api/activity/stream:0
[ 1689874ms] [ERROR] Failed to load resource: net::ERR_HTTP2_PROTOCOL_ERROR @ https://dividen.ai/api/activity/stream:0
[ 1993039ms] [ERROR] Failed to load resource: net::ERR_HTTP2_PROTOCOL_ERROR @ https://dividen.ai/api/activity/stream:0
[ 2296213ms] [ERROR] Failed to load resource: net::ERR_HTTP2_PROTOCOL_ERROR @ https://dividen.ai/api/activity/stream:0
[ 2599288ms] [ERROR] Failed to load resource: net::ERR_HTTP2_PROTOCOL_ERROR @ https://dividen.ai/api/activity/stream:0
[ 2902429ms] [ERROR] Failed to load resource: net::ERR_HTTP2_PROTOCOL_ERROR @ https://dividen.ai/api/activity/stream:0
