[     199ms] [LOG] [SW] Registered, scope: https://dividen.ai/ @ https://dividen.ai/_next/static/chunks/app/layout-6d2d03e3.js:0
[     317ms] [WARNING] <meta name="apple-mobile-web-app-capable" content="yes"> is deprecated. Please include <meta name="mobile-web-app-capable" content="yes"> @ https://dividen.ai/dashboard:0
[  301471ms] [ERROR] Failed to load resource: net::ERR_HTTP2_PROTOCOL_ERROR @ https://dividen.ai/api/activity/stream:0
[  604584ms] [ERROR] Failed to load resource: net::ERR_HTTP2_PROTOCOL_ERROR @ https://dividen.ai/api/activity/stream:0
[  907812ms] [ERROR] Failed to load resource: net::ERR_HTTP2_PROTOCOL_ERROR @ https://dividen.ai/api/activity/stream:0
[ 1210930ms] [ERROR] Failed to load resource: net::ERR_HTTP2_PROTOCOL_ERROR @ https://dividen.ai/api/activity/stream:0
[ 1514970ms] [ERROR] Failed to load resource: net::ERR_HTTP2_PROTOCOL_ERROR @ https://dividen.ai/api/activity/stream:0
[ 1818174ms] [ERROR] Failed to load resource: net::ERR_HTTP2_PROTOCOL_ERROR @ https://dividen.ai/api/activity/stream:0
[ 2121307ms] [ERROR] Failed to load resource: net::ERR_HTTP2_PROTOCOL_ERROR @ https://dividen.ai/api/activity/stream:0
[ 2424463ms] [ERROR] Failed to load resource: net::ERR_HTTP2_PROTOCOL_ERROR @ https://dividen.ai/api/activity/stream:0
[ 2727621ms] [ERROR] Failed to load resource: net::ERR_HTTP2_PROTOCOL_ERROR @ https://dividen.ai/api/activity/stream:0
[ 3030764ms] [ERROR] Failed to load resource: net::ERR_HTTP2_PROTOCOL_ERROR @ https://dividen.ai/api/activity/stream:0
[ 3220237ms] [ERROR] Failed to load resource: net::ERR_HTTP2_PING_FAILED @ https://dividen.ai/api/activity/stream:0
[ 3523334ms] [ERROR] Failed to load resource: net::ERR_HTTP2_PROTOCOL_ERROR @ https://dividen.ai/api/activity/stream:0
[ 3826440ms] [ERROR] Failed to load resource: net::ERR_HTTP2_PROTOCOL_ERROR @ https://dividen.ai/api/activity/stream:0
[ 4129730ms] [ERROR] Failed to load resource: net::ERR_HTTP2_PROTOCOL_ERROR @ https://dividen.ai/api/activity/stream:0
[ 4447846ms] [ERROR] Failed to load resource: net::ERR_HTTP2_PROTOCOL_ERROR @ https://dividen.ai/api/activity/stream:0
[ 4750947ms] [ERROR] Failed to load resource: net::ERR_HTTP2_PROTOCOL_ERROR @ https://dividen.ai/api/activity/stream:0
[ 4944360ms] [ERROR] Failed to load resource: net::ERR_HTTP2_PROTOCOL_ERROR @ https://dividen.ai/api/activity/stream:0
[ 5247736ms] [ERROR] Failed to load resource: net::ERR_HTTP2_PROTOCOL_ERROR @ https://dividen.ai/api/activity/stream:0
[ 5550843ms] [ERROR] Failed to load resource: net::ERR_HTTP2_PROTOCOL_ERROR @ https://dividen.ai/api/activity/stream:0
[ 5854721ms] [ERROR] Failed to load resource: net::ERR_HTTP2_PROTOCOL_ERROR @ https://dividen.ai/api/activity/stream:0
[ 6158069ms] [ERROR] Failed to load resource: net::ERR_HTTP2_PROTOCOL_ERROR @ https://dividen.ai/api/activity/stream:0
[ 6461183ms] [ERROR] Failed to load resource: net::ERR_HTTP2_PROTOCOL_ERROR @ https://dividen.ai/api/activity/stream:0
[ 6764369ms] [ERROR] Failed to load resource: net::ERR_HTTP2_PROTOCOL_ERROR @ https://dividen.ai/api/activity/stream:0
[ 7067496ms] [ERROR] Failed to load resource: net::ERR_HTTP2_PROTOCOL_ERROR @ https://dividen.ai/api/activity/stream:0
[ 7370601ms] [ERROR] Failed to load resource: net::ERR_HTTP2_PROTOCOL_ERROR @ https://dividen.ai/api/activity/stream:0
[ 7673715ms] [ERROR] Failed to load resource: net::ERR_HTTP2_PROTOCOL_ERROR @ https://dividen.ai/api/activity/stream:0
[ 7976792ms] [ERROR] Failed to load resource: net::ERR_HTTP2_PROTOCOL_ERROR @ https://dividen.ai/api/activity/stream:0
[ 8279912ms] [ERROR] Failed to load resource: net::ERR_HTTP2_PROTOCOL_ERROR @ https://dividen.ai/api/activity/stream:0
[ 8583024ms] [ERROR] Failed to load resource: net::ERR_HTTP2_PROTOCOL_ERROR @ https://dividen.ai/api/activity/stream:0
[ 8886127ms] [ERROR] Failed to load resource: net::ERR_HTTP2_PROTOCOL_ERROR @ https://dividen.ai/api/activity/stream:0
[ 9189230ms] [ERROR] Failed to load resource: net::ERR_HTTP2_PROTOCOL_ERROR @ https://dividen.ai/api/activity/stream:0
[ 9492339ms] [ERROR] Failed to load resource: net::ERR_HTTP2_PROTOCOL_ERROR @ https://dividen.ai/api/activity/stream:0
[ 9795668ms] [ERROR] Failed to load resource: net::ERR_HTTP2_PROTOCOL_ERROR @ https://dividen.ai/api/activity/stream:0
[10099055ms] [ERROR] Failed to load resource: net::ERR_HTTP2_PROTOCOL_ERROR @ https://dividen.ai/api/activity/stream:0
[10402157ms] [ERROR] Failed to load resource: net::ERR_HTTP2_PROTOCOL_ERROR @ https://dividen.ai/api/activity/stream:0
[10705270ms] [ERROR] Failed to load resource: net::ERR_HTTP2_PROTOCOL_ERROR @ https://dividen.ai/api/activity/stream:0
[11008475ms] [ERROR] Failed to load resource: net::ERR_HTTP2_PROTOCOL_ERROR @ https://dividen.ai/api/activity/stream:0
[11311592ms] [ERROR] Failed to load resource: net::ERR_HTTP2_PROTOCOL_ERROR @ https://dividen.ai/api/activity/stream:0
[11615003ms] [ERROR] Failed to load resource: net::ERR_HTTP2_PROTOCOL_ERROR @ https://dividen.ai/api/activity/stream:0
[11918097ms] [ERROR] Failed to load resource: net::ERR_HTTP2_PROTOCOL_ERROR @ https://dividen.ai/api/activity/stream:0
[12221194ms] [ERROR] Failed to load resource: net::ERR_HTTP2_PROTOCOL_ERROR @ https://dividen.ai/api/activity/stream:0
[12524298ms] [ERROR] Failed to load resource: net::ERR_HTTP2_PROTOCOL_ERROR @ https://dividen.ai/api/activity/stream:0
[12827380ms] [ERROR] Failed to load resource: net::ERR_HTTP2_PROTOCOL_ERROR @ https://dividen.ai/api/activity/stream:0
[13131253ms] [ERROR] Failed to load resource: net::ERR_HTTP2_PROTOCOL_ERROR @ https://dividen.ai/api/activity/stream:0
[13434353ms] [ERROR] Failed to load resource: net::ERR_HTTP2_PROTOCOL_ERROR @ https://dividen.ai/api/activity/stream:0
[13737642ms] [ERROR] Failed to load resource: net::ERR_HTTP2_PROTOCOL_ERROR @ https://dividen.ai/api/activity/stream:0
[14040742ms] [ERROR] Failed to load resource: net::ERR_HTTP2_PROTOCOL_ERROR @ https://dividen.ai/api/activity/stream:0
[14343846ms] [ERROR] Failed to load resource: net::ERR_HTTP2_PROTOCOL_ERROR @ https://dividen.ai/api/activity/stream:0
[14646958ms] [ERROR] Failed to load resource: net::ERR_HTTP2_PROTOCOL_ERROR @ https://dividen.ai/api/activity/stream:0
[14950050ms] [ERROR] Failed to load resource: net::ERR_HTTP2_PROTOCOL_ERROR @ https://dividen.ai/api/activity/stream:0
[15253882ms] [ERROR] Failed to load resource: net::ERR_HTTP2_PROTOCOL_ERROR @ https://dividen.ai/api/activity/stream:0
[15556979ms] [ERROR] Failed to load resource: net::ERR_HTTP2_PROTOCOL_ERROR @ https://dividen.ai/api/activity/stream:0
[15860929ms] [ERROR] Failed to load resource: net::ERR_HTTP2_PROTOCOL_ERROR @ https://dividen.ai/api/activity/stream:0
[16164422ms] [ERROR] Failed to load resource: net::ERR_HTTP2_PROTOCOL_ERROR @ https://dividen.ai/api/activity/stream:0
[16467601ms] [ERROR] Failed to load resource: net::ERR_HTTP2_PROTOCOL_ERROR @ https://dividen.ai/api/activity/stream:0
[16770718ms] [ERROR] Failed to load resource: net::ERR_HTTP2_PROTOCOL_ERROR @ https://dividen.ai/api/activity/stream:0
[17073811ms] [ERROR] Failed to load resource: net::ERR_HTTP2_PROTOCOL_ERROR @ https://dividen.ai/api/activity/stream:0
[17376902ms] [ERROR] Failed to load resource: net::ERR_HTTP2_PROTOCOL_ERROR @ https://dividen.ai/api/activity/stream:0
[17680038ms] [ERROR] Failed to load resource: net::ERR_HTTP2_PROTOCOL_ERROR @ https://dividen.ai/api/activity/stream:0
[17983933ms] [ERROR] Failed to load resource: net::ERR_HTTP2_PROTOCOL_ERROR @ https://dividen.ai/api/activity/stream:0
[18287030ms] [ERROR] Failed to load resource: net::ERR_HTTP2_PROTOCOL_ERROR @ https://dividen.ai/api/activity/stream:0
[18590160ms] [ERROR] Failed to load resource: net::ERR_HTTP2_PROTOCOL_ERROR @ https://dividen.ai/api/activity/stream:0
[18893260ms] [ERROR] Failed to load resource: net::ERR_HTTP2_PROTOCOL_ERROR @ https://dividen.ai/api/activity/stream:0
[18941261ms] [ERROR] Failed to load resource: net::ERR_NETWORK_CHANGED @ https://dividen.ai/api/notifications/check:0
[18941262ms] [ERROR] Failed to load resource: net::ERR_NETWORK_CHANGED @ https://dividen.ai/api/relays?limit=50:0
[18941263ms] [ERROR] Failed to load resource: net::ERR_NETWORK_CHANGED @ https://dividen.ai/api/activity/stream:0
[18941263ms] [ERROR] Failed to load resource: net::ERR_NETWORK_CHANGED @ https://dividen.ai/api/activity?limit=10&_t=1779508180754:0
[18943273ms] [ERROR] Failed to load resource: net::ERR_INTERNET_DISCONNECTED @ https://dividen.ai/api/activity/stream:0
[19248443ms] [ERROR] Failed to load resource: net::ERR_HTTP2_PROTOCOL_ERROR @ https://dividen.ai/api/activity/stream:0
[19551574ms] [ERROR] Failed to load resource: net::ERR_HTTP2_PROTOCOL_ERROR @ https://dividen.ai/api/activity/stream:0
[19855014ms] [ERROR] Failed to load resource: net::ERR_HTTP2_PROTOCOL_ERROR @ https://dividen.ai/api/activity/stream:0
[19964738ms] [ERROR] Failed to load resource: net::ERR_HTTP2_PING_FAILED @ https://dividen.ai/api/activity/stream:0
[19969531ms] [ERROR] Failed to load resource: net::ERR_NETWORK_CHANGED @ https://dividen.ai/api/notifications/check:0
[19969531ms] [ERROR] Failed to load resource: net::ERR_NETWORK_CHANGED @ https://dividen.ai/api/activity?limit=10&_t=1779509200769:0
[19969532ms] [ERROR] Failed to load resource: net::ERR_NETWORK_CHANGED @ https://dividen.ai/api/relays?limit=50:0
[19969532ms] [ERROR] Failed to load resource: net::ERR_NETWORK_CHANGED @ https://dividen.ai/api/activity/stream:0
[20274693ms] [ERROR] Failed to load resource: net::ERR_HTTP2_PROTOCOL_ERROR @ https://dividen.ai/api/activity/stream:0
[20577763ms] [ERROR] Failed to load resource: net::ERR_HTTP2_PROTOCOL_ERROR @ https://dividen.ai/api/activity/stream:0
[20881742ms] [ERROR] Failed to load resource: net::ERR_HTTP2_PROTOCOL_ERROR @ https://dividen.ai/api/activity/stream:0
[21184832ms] [ERROR] Failed to load resource: net::ERR_HTTP2_PROTOCOL_ERROR @ https://dividen.ai/api/activity/stream:0
[21487901ms] [ERROR] Failed to load resource: net::ERR_HTTP2_PROTOCOL_ERROR @ https://dividen.ai/api/activity/stream:0
[21530203ms] [ERROR] Failed to load resource: net::ERR_NETWORK_CHANGED @ https://dividen.ai/api/activity/stream:0
[21579995ms] [ERROR] Failed to load resource: net::ERR_HTTP2_PING_FAILED @ https://dividen.ai/api/activity/stream:0
[21588146ms] [ERROR] Failed to load resource: net::ERR_NETWORK_CHANGED @ https://dividen.ai/api/notifications/check:0
[21588146ms] [ERROR] Failed to load resource: net::ERR_NETWORK_CHANGED @ https://dividen.ai/api/activity?limit=10&_t=1779510820641:0
[21588146ms] [ERROR] Failed to load resource: net::ERR_NETWORK_CHANGED @ https://dividen.ai/api/relays?limit=50:0
[21588146ms] [ERROR] Failed to load resource: net::ERR_NETWORK_CHANGED @ https://dividen.ai/api/activity/stream:0
[21893320ms] [ERROR] Failed to load resource: net::ERR_HTTP2_PROTOCOL_ERROR @ https://dividen.ai/api/activity/stream:0
[22196413ms] [ERROR] Failed to load resource: net::ERR_HTTP2_PROTOCOL_ERROR @ https://dividen.ai/api/activity/stream:0
[22499631ms] [ERROR] Failed to load resource: net::ERR_HTTP2_PROTOCOL_ERROR @ https://dividen.ai/api/activity/stream:0
[22802724ms] [ERROR] Failed to load resource: net::ERR_HTTP2_PROTOCOL_ERROR @ https://dividen.ai/api/activity/stream:0
[23105835ms] [ERROR] Failed to load resource: net::ERR_HTTP2_PROTOCOL_ERROR @ https://dividen.ai/api/activity/stream:0
[23408972ms] [ERROR] Failed to load resource: net::ERR_HTTP2_PROTOCOL_ERROR @ https://dividen.ai/api/activity/stream:0
[23712061ms] [ERROR] Failed to load resource: net::ERR_HTTP2_PROTOCOL_ERROR @ https://dividen.ai/api/activity/stream:0
[24015153ms] [ERROR] Failed to load resource: net::ERR_HTTP2_PROTOCOL_ERROR @ https://dividen.ai/api/activity/stream:0
[24319128ms] [ERROR] Failed to load resource: net::ERR_HTTP2_PROTOCOL_ERROR @ https://dividen.ai/api/activity/stream:0
[24622251ms] [ERROR] Failed to load resource: net::ERR_HTTP2_PROTOCOL_ERROR @ https://dividen.ai/api/activity/stream:0
[24925342ms] [ERROR] Failed to load resource: net::ERR_HTTP2_PROTOCOL_ERROR @ https://dividen.ai/api/activity/stream:0
[25229387ms] [ERROR] Failed to load resource: net::ERR_HTTP2_PROTOCOL_ERROR @ https://dividen.ai/api/activity/stream:0
[25532471ms] [ERROR] Failed to load resource: net::ERR_HTTP2_PROTOCOL_ERROR @ https://dividen.ai/api/activity/stream:0
[25835588ms] [ERROR] Failed to load resource: net::ERR_HTTP2_PROTOCOL_ERROR @ https://dividen.ai/api/activity/stream:0
[25861684ms] [ERROR] Failed to load resource: net::ERR_NETWORK_CHANGED @ https://dividen.ai/api/notifications/check:0
[25861684ms] [ERROR] Failed to load resource: net::ERR_NETWORK_CHANGED @ https://dividen.ai/api/activity?limit=10&_t=1779515110653:0
[25861685ms] [ERROR] Failed to load resource: net::ERR_NETWORK_CHANGED @ https://dividen.ai/api/now:0
[25861691ms] [ERROR] Failed to fetch NOW data: TypeError: Failed to fetch
    at https://dividen.ai/_next/static/chunks/app/dashboard/page-8d01ca55.js:1:8357 @ https://dividen.ai/_next/static/chunks/117-760cd612.js:0
[25861697ms] [ERROR] Failed to load resource: net::ERR_NETWORK_CHANGED @ https://dividen.ai/api/inbox?limit=1:0
[25861698ms] [ERROR] Failed to load resource: net::ERR_NETWORK_CHANGED @ https://dividen.ai/api/relays?limit=50:0
[25861698ms] [ERROR] Failed to load resource: net::ERR_NETWORK_CHANGED @ https://dividen.ai/api/activity/stream:0
[25861700ms] [ERROR] Failed to load resource: net::ERR_ADDRESS_UNREACHABLE @ https://dividen.ai/api/inbox?limit=1:0
[25861700ms] [ERROR] Failed to load resource: net::ERR_ADDRESS_UNREACHABLE @ https://dividen.ai/api/calendar?view=day:0
[25861701ms] [ERROR] Failed to load resource: net::ERR_ADDRESS_UNREACHABLE @ https://dividen.ai/api/calendar?view=day:0
[25861701ms] [ERROR] Failed to load resource: net::ERR_ADDRESS_UNREACHABLE @ https://dividen.ai/api/drive?limit=1:0
[25861702ms] [ERROR] Failed to load resource: net::ERR_ADDRESS_UNREACHABLE @ https://dividen.ai/api/drive?limit=1:0
[26166136ms] [ERROR] Failed to load resource: net::ERR_HTTP2_PROTOCOL_ERROR @ https://dividen.ai/api/activity/stream:0
[26469229ms] [ERROR] Failed to load resource: net::ERR_HTTP2_PROTOCOL_ERROR @ https://dividen.ai/api/activity/stream:0
[26530006ms] [ERROR] Failed to load resource: net::ERR_HTTP2_PING_FAILED @ https://dividen.ai/api/activity/stream:0
[26833350ms] [ERROR] Failed to load resource: net::ERR_HTTP2_PROTOCOL_ERROR @ https://dividen.ai/api/activity/stream:0
[27136440ms] [ERROR] Failed to load resource: net::ERR_HTTP2_PROTOCOL_ERROR @ https://dividen.ai/api/activity/stream:0
[27439535ms] [ERROR] Failed to load resource: net::ERR_HTTP2_PROTOCOL_ERROR @ https://dividen.ai/api/activity/stream:0
[27743352ms] [ERROR] Failed to load resource: net::ERR_HTTP2_PROTOCOL_ERROR @ https://dividen.ai/api/activity/stream:0
[28046533ms] [ERROR] Failed to load resource: net::ERR_HTTP2_PROTOCOL_ERROR @ https://dividen.ai/api/activity/stream:0
[28349944ms] [ERROR] Failed to load resource: net::ERR_HTTP2_PROTOCOL_ERROR @ https://dividen.ai/api/activity/stream:0
[28653048ms] [ERROR] Failed to load resource: net::ERR_HTTP2_PROTOCOL_ERROR @ https://dividen.ai/api/activity/stream:0
[28749979ms] [ERROR] Failed to load resource: net::ERR_HTTP2_PING_FAILED @ https://dividen.ai/api/activity/stream:0
[29053129ms] [ERROR] Failed to load resource: net::ERR_HTTP2_PROTOCOL_ERROR @ https://dividen.ai/api/activity/stream:0
[29356236ms] [ERROR] Failed to load resource: net::ERR_HTTP2_PROTOCOL_ERROR @ https://dividen.ai/api/activity/stream:0
[29659423ms] [ERROR] Failed to load resource: net::ERR_HTTP2_PROTOCOL_ERROR @ https://dividen.ai/api/activity/stream:0
[29962537ms] [ERROR] Failed to load resource: net::ERR_HTTP2_PROTOCOL_ERROR @ https://dividen.ai/api/activity/stream:0
[30265952ms] [ERROR] Failed to load resource: net::ERR_HTTP2_PROTOCOL_ERROR @ https://dividen.ai/api/activity/stream:0
[30569121ms] [ERROR] Failed to load resource: net::ERR_HTTP2_PROTOCOL_ERROR @ https://dividen.ai/api/activity/stream:0
[30872241ms] [ERROR] Failed to load resource: net::ERR_HTTP2_PROTOCOL_ERROR @ https://dividen.ai/api/activity/stream:0
[31175500ms] [ERROR] Failed to load resource: net::ERR_HTTP2_PROTOCOL_ERROR @ https://dividen.ai/api/activity/stream:0
[31478625ms] [ERROR] Failed to load resource: net::ERR_HTTP2_PROTOCOL_ERROR @ https://dividen.ai/api/activity/stream:0
[31781739ms] [ERROR] Failed to load resource: net::ERR_HTTP2_PROTOCOL_ERROR @ https://dividen.ai/api/activity/stream:0
[32084860ms] [ERROR] Failed to load resource: net::ERR_HTTP2_PROTOCOL_ERROR @ https://dividen.ai/api/activity/stream:0
[32388043ms] [ERROR] Failed to load resource: net::ERR_HTTP2_PROTOCOL_ERROR @ https://dividen.ai/api/activity/stream:0
[32578204ms] [ERROR] Failed to load resource: net::ERR_NETWORK_IO_SUSPENDED @ https://dividen.ai/api/activity/stream:0
[63599201ms] [ERROR] Failed to load resource: net::ERR_CONNECTION_TIMED_OUT @ https://dividen.ai/api/notifications/check:0
[63599232ms] [ERROR] Failed to load resource: net::ERR_NETWORK_CHANGED @ https://dividen.ai/api/activity?limit=10&_t=1779521830717:0
[63599232ms] [ERROR] Failed to load resource: net::ERR_NETWORK_CHANGED @ https://dividen.ai/api/now:0
[63599273ms] [ERROR] Failed to fetch NOW data: TypeError: Failed to fetch
    at https://dividen.ai/_next/static/chunks/app/dashboard/page-8d01ca55.js:1:8357 @ https://dividen.ai/_next/static/chunks/117-760cd612.js:0
[63599295ms] [ERROR] Failed to load resource: net::ERR_NETWORK_CHANGED @ https://dividen.ai/api/inbox?limit=1:0
[63599295ms] [ERROR] Failed to load resource: net::ERR_NETWORK_CHANGED @ https://dividen.ai/api/relays?limit=50:0
[63599295ms] [ERROR] Failed to load resource: net::ERR_NETWORK_CHANGED @ https://dividen.ai/api/inbox?limit=1:0
[63913584ms] [ERROR] Failed to load resource: net::ERR_HTTP2_PROTOCOL_ERROR @ https://dividen.ai/api/activity/stream:0
[64216692ms] [ERROR] Failed to load resource: net::ERR_HTTP2_PROTOCOL_ERROR @ https://dividen.ai/api/activity/stream:0
[64462920ms] [ERROR] Failed to load resource: net::ERR_HTTP2_PROTOCOL_ERROR @ https://dividen.ai/api/activity/stream:0
[64766009ms] [ERROR] Failed to load resource: net::ERR_HTTP2_PROTOCOL_ERROR @ https://dividen.ai/api/activity/stream:0
[65069157ms] [ERROR] Failed to load resource: net::ERR_HTTP2_PROTOCOL_ERROR @ https://dividen.ai/api/activity/stream:0
[65372234ms] [ERROR] Failed to load resource: net::ERR_HTTP2_PROTOCOL_ERROR @ https://dividen.ai/api/activity/stream:0
[65606755ms] [ERROR] Failed to load resource: net::ERR_HTTP2_PROTOCOL_ERROR @ https://dividen.ai/api/activity/stream:0
[65909844ms] [ERROR] Failed to load resource: net::ERR_HTTP2_PROTOCOL_ERROR @ https://dividen.ai/api/activity/stream:0
[66212939ms] [ERROR] Failed to load resource: net::ERR_HTTP2_PROTOCOL_ERROR @ https://dividen.ai/api/activity/stream:0
[66516026ms] [ERROR] Failed to load resource: net::ERR_HTTP2_PROTOCOL_ERROR @ https://dividen.ai/api/activity/stream:0
[66819114ms] [ERROR] Failed to load resource: net::ERR_HTTP2_PROTOCOL_ERROR @ https://dividen.ai/api/activity/stream:0
[67122208ms] [ERROR] Failed to load resource: net::ERR_HTTP2_PROTOCOL_ERROR @ https://dividen.ai/api/activity/stream:0
[67425300ms] [ERROR] Failed to load resource: net::ERR_HTTP2_PROTOCOL_ERROR @ https://dividen.ai/api/activity/stream:0
[67728388ms] [ERROR] Failed to load resource: net::ERR_HTTP2_PROTOCOL_ERROR @ https://dividen.ai/api/activity/stream:0
[68031561ms] [ERROR] Failed to load resource: net::ERR_HTTP2_PROTOCOL_ERROR @ https://dividen.ai/api/activity/stream:0
[68334658ms] [ERROR] Failed to load resource: net::ERR_HTTP2_PROTOCOL_ERROR @ https://dividen.ai/api/activity/stream:0
[68638076ms] [ERROR] Failed to load resource: net::ERR_HTTP2_PROTOCOL_ERROR @ https://dividen.ai/api/activity/stream:0
[68941434ms] [ERROR] Failed to load resource: net::ERR_HTTP2_PROTOCOL_ERROR @ https://dividen.ai/api/activity/stream:0
[69244528ms] [ERROR] Failed to load resource: net::ERR_HTTP2_PROTOCOL_ERROR @ https://dividen.ai/api/activity/stream:0
[69547691ms] [ERROR] Failed to load resource: net::ERR_HTTP2_PROTOCOL_ERROR @ https://dividen.ai/api/activity/stream:0
[69802137ms] [ERROR] Failed to load resource: net::ERR_HTTP2_PROTOCOL_ERROR @ https://dividen.ai/api/activity/stream:0
[70105234ms] [ERROR] Failed to load resource: net::ERR_HTTP2_PROTOCOL_ERROR @ https://dividen.ai/api/activity/stream:0
[70404720ms] [ERROR] Failed to load resource: net::ERR_HTTP2_PROTOCOL_ERROR @ https://dividen.ai/api/activity/stream:0
[70707981ms] [ERROR] Failed to load resource: net::ERR_HTTP2_PROTOCOL_ERROR @ https://dividen.ai/api/activity/stream:0
[71011085ms] [ERROR] Failed to load resource: net::ERR_HTTP2_PROTOCOL_ERROR @ https://dividen.ai/api/activity/stream:0
[71314192ms] [ERROR] Failed to load resource: net::ERR_HTTP2_PROTOCOL_ERROR @ https://dividen.ai/api/activity/stream:0
[71617292ms] [ERROR] Failed to load resource: net::ERR_HTTP2_PROTOCOL_ERROR @ https://dividen.ai/api/activity/stream:0
[71920395ms] [ERROR] Failed to load resource: net::ERR_HTTP2_PROTOCOL_ERROR @ https://dividen.ai/api/activity/stream:0
[72223515ms] [ERROR] Failed to load resource: net::ERR_HTTP2_PROTOCOL_ERROR @ https://dividen.ai/api/activity/stream:0
[72526631ms] [ERROR] Failed to load resource: net::ERR_HTTP2_PROTOCOL_ERROR @ https://dividen.ai/api/activity/stream:0
[72829752ms] [ERROR] Failed to load resource: net::ERR_HTTP2_PROTOCOL_ERROR @ https://dividen.ai/api/activity/stream:0
[73133269ms] [ERROR] Failed to load resource: net::ERR_HTTP2_PROTOCOL_ERROR @ https://dividen.ai/api/activity/stream:0
[73436375ms] [ERROR] Failed to load resource: net::ERR_HTTP2_PROTOCOL_ERROR @ https://dividen.ai/api/activity/stream:0
[73739478ms] [ERROR] Failed to load resource: net::ERR_HTTP2_PROTOCOL_ERROR @ https://dividen.ai/api/activity/stream:0
[74042572ms] [ERROR] Failed to load resource: net::ERR_HTTP2_PROTOCOL_ERROR @ https://dividen.ai/api/activity/stream:0
[74345635ms] [ERROR] Failed to load resource: net::ERR_HTTP2_PROTOCOL_ERROR @ https://dividen.ai/api/activity/stream:0
[74483546ms] [ERROR] Failed to load resource: net::ERR_HTTP2_PROTOCOL_ERROR @ https://dividen.ai/api/activity/stream:0
[74786644ms] [ERROR] Failed to load resource: net::ERR_HTTP2_PROTOCOL_ERROR @ https://dividen.ai/api/activity/stream:0
[75089732ms] [ERROR] Failed to load resource: net::ERR_HTTP2_PROTOCOL_ERROR @ https://dividen.ai/api/activity/stream:0
[75340130ms] [ERROR] Failed to load resource: net::ERR_NETWORK_CHANGED @ https://dividen.ai/api/activity/stream:0
[75643305ms] [ERROR] Failed to load resource: net::ERR_HTTP2_PROTOCOL_ERROR @ https://dividen.ai/api/activity/stream:0
[75946500ms] [ERROR] Failed to load resource: net::ERR_HTTP2_PROTOCOL_ERROR @ https://dividen.ai/api/activity/stream:0
[76249604ms] [ERROR] Failed to load resource: net::ERR_HTTP2_PROTOCOL_ERROR @ https://dividen.ai/api/activity/stream:0
[76552711ms] [ERROR] Failed to load resource: net::ERR_HTTP2_PROTOCOL_ERROR @ https://dividen.ai/api/activity/stream:0
[76855815ms] [ERROR] Failed to load resource: net::ERR_HTTP2_PROTOCOL_ERROR @ https://dividen.ai/api/activity/stream:0
[77063692ms] [ERROR] Failed to load resource: net::ERR_HTTP2_PROTOCOL_ERROR @ https://dividen.ai/api/activity/stream:0
[77366823ms] [ERROR] Failed to load resource: net::ERR_HTTP2_PROTOCOL_ERROR @ https://dividen.ai/api/activity/stream:0
[77545251ms] [ERROR] Failed to load resource: net::ERR_HTTP2_PROTOCOL_ERROR @ https://dividen.ai/api/activity/stream:0
[77848355ms] [ERROR] Failed to load resource: net::ERR_HTTP2_PROTOCOL_ERROR @ https://dividen.ai/api/activity/stream:0
[78151510ms] [ERROR] Failed to load resource: net::ERR_HTTP2_PROTOCOL_ERROR @ https://dividen.ai/api/activity/stream:0
[78454608ms] [ERROR] Failed to load resource: net::ERR_HTTP2_PROTOCOL_ERROR @ https://dividen.ai/api/activity/stream:0
[78757762ms] [ERROR] Failed to load resource: net::ERR_HTTP2_PROTOCOL_ERROR @ https://dividen.ai/api/activity/stream:0
[79060872ms] [ERROR] Failed to load resource: net::ERR_HTTP2_PROTOCOL_ERROR @ https://dividen.ai/api/activity/stream:0
[79364008ms] [ERROR] Failed to load resource: net::ERR_HTTP2_PROTOCOL_ERROR @ https://dividen.ai/api/activity/stream:0
[79667159ms] [ERROR] Failed to load resource: net::ERR_HTTP2_PROTOCOL_ERROR @ https://dividen.ai/api/activity/stream:0
[79970373ms] [ERROR] Failed to load resource: net::ERR_HTTP2_PROTOCOL_ERROR @ https://dividen.ai/api/activity/stream:0
[80273536ms] [ERROR] Failed to load resource: net::ERR_HTTP2_PROTOCOL_ERROR @ https://dividen.ai/api/activity/stream:0
[80576639ms] [ERROR] Failed to load resource: net::ERR_HTTP2_PROTOCOL_ERROR @ https://dividen.ai/api/activity/stream:0
[80879736ms] [ERROR] Failed to load resource: net::ERR_HTTP2_PROTOCOL_ERROR @ https://dividen.ai/api/activity/stream:0
[81182824ms] [ERROR] Failed to load resource: net::ERR_HTTP2_PROTOCOL_ERROR @ https://dividen.ai/api/activity/stream:0
[81485914ms] [ERROR] Failed to load resource: net::ERR_HTTP2_PROTOCOL_ERROR @ https://dividen.ai/api/activity/stream:0
[81789024ms] [ERROR] Failed to load resource: net::ERR_HTTP2_PROTOCOL_ERROR @ https://dividen.ai/api/activity/stream:0
[82092128ms] [ERROR] Failed to load resource: net::ERR_HTTP2_PROTOCOL_ERROR @ https://dividen.ai/api/activity/stream:0
[82303516ms] [ERROR] Failed to load resource: net::ERR_NETWORK_CHANGED @ https://dividen.ai/api/activity/stream:0
[82305536ms] [ERROR] Failed to load resource: net::ERR_NETWORK_CHANGED @ https://dividen.ai/api/activity/stream:0
[82610851ms] [ERROR] Failed to load resource: net::ERR_HTTP2_PROTOCOL_ERROR @ https://dividen.ai/api/activity/stream:0
[82913987ms] [ERROR] Failed to load resource: net::ERR_HTTP2_PROTOCOL_ERROR @ https://dividen.ai/api/activity/stream:0
[83217088ms] [ERROR] Failed to load resource: net::ERR_HTTP2_PROTOCOL_ERROR @ https://dividen.ai/api/activity/stream:0
[83521046ms] [ERROR] Failed to load resource: net::ERR_HTTP2_PROTOCOL_ERROR @ https://dividen.ai/api/activity/stream:0
[83824440ms] [ERROR] Failed to load resource: net::ERR_HTTP2_PROTOCOL_ERROR @ https://dividen.ai/api/activity/stream:0
[84127828ms] [ERROR] Failed to load resource: net::ERR_HTTP2_PROTOCOL_ERROR @ https://dividen.ai/api/activity/stream:0
[84431228ms] [ERROR] Failed to load resource: net::ERR_HTTP2_PROTOCOL_ERROR @ https://dividen.ai/api/activity/stream:0
[84562990ms] [ERROR] Failed to load resource: net::ERR_HTTP2_PROTOCOL_ERROR @ https://dividen.ai/api/activity/stream:0
[84866403ms] [ERROR] Failed to load resource: net::ERR_HTTP2_PROTOCOL_ERROR @ https://dividen.ai/api/activity/stream:0
[85170475ms] [ERROR] Failed to load resource: net::ERR_HTTP2_PROTOCOL_ERROR @ https://dividen.ai/api/activity/stream:0
[85473570ms] [ERROR] Failed to load resource: net::ERR_HTTP2_PROTOCOL_ERROR @ https://dividen.ai/api/activity/stream:0
[85776729ms] [ERROR] Failed to load resource: net::ERR_HTTP2_PROTOCOL_ERROR @ https://dividen.ai/api/activity/stream:0
[86079827ms] [ERROR] Failed to load resource: net::ERR_HTTP2_PROTOCOL_ERROR @ https://dividen.ai/api/activity/stream:0
[86383220ms] [ERROR] Failed to load resource: net::ERR_HTTP2_PROTOCOL_ERROR @ https://dividen.ai/api/activity/stream:0
[86686323ms] [ERROR] Failed to load resource: net::ERR_HTTP2_PROTOCOL_ERROR @ https://dividen.ai/api/activity/stream:0
[86989464ms] [ERROR] Failed to load resource: net::ERR_HTTP2_PROTOCOL_ERROR @ https://dividen.ai/api/activity/stream:0
[87292582ms] [ERROR] Failed to load resource: net::ERR_HTTP2_PROTOCOL_ERROR @ https://dividen.ai/api/activity/stream:0
[87595708ms] [ERROR] Failed to load resource: net::ERR_HTTP2_PROTOCOL_ERROR @ https://dividen.ai/api/activity/stream:0
[87898852ms] [ERROR] Failed to load resource: net::ERR_HTTP2_PROTOCOL_ERROR @ https://dividen.ai/api/activity/stream:0
[88201954ms] [ERROR] Failed to load resource: net::ERR_HTTP2_PROTOCOL_ERROR @ https://dividen.ai/api/activity/stream:0
[88505075ms] [ERROR] Failed to load resource: net::ERR_HTTP2_PROTOCOL_ERROR @ https://dividen.ai/api/activity/stream:0
[88808188ms] [ERROR] Failed to load resource: net::ERR_HTTP2_PROTOCOL_ERROR @ https://dividen.ai/api/activity/stream:0
[89111389ms] [ERROR] Failed to load resource: net::ERR_HTTP2_PROTOCOL_ERROR @ https://dividen.ai/api/activity/stream:0
[89414598ms] [ERROR] Failed to load resource: net::ERR_HTTP2_PROTOCOL_ERROR @ https://dividen.ai/api/activity/stream:0
[89516269ms] [ERROR] Failed to load resource: net::ERR_NETWORK_CHANGED @ https://dividen.ai/api/notifications/check:0
[89516270ms] [ERROR] Failed to load resource: net::ERR_NETWORK_CHANGED @ https://dividen.ai/api/activity?limit=10&_t=1779578765115:0
[89516270ms] [ERROR] Failed to load resource: net::ERR_NETWORK_CHANGED @ https://dividen.ai/api/relays?limit=50:0
[89516270ms] [ERROR] Failed to load resource: net::ERR_NETWORK_CHANGED @ https://dividen.ai/api/activity/stream:0
[89518276ms] [ERROR] Failed to load resource: net::ERR_INTERNET_DISCONNECTED @ https://dividen.ai/api/activity/stream:0
[89823478ms] [ERROR] Failed to load resource: net::ERR_HTTP2_PROTOCOL_ERROR @ https://dividen.ai/api/activity/stream:0
[90126702ms] [ERROR] Failed to load resource: net::ERR_HTTP2_PROTOCOL_ERROR @ https://dividen.ai/api/activity/stream:0
[90429802ms] [ERROR] Failed to load resource: net::ERR_HTTP2_PROTOCOL_ERROR @ https://dividen.ai/api/activity/stream:0
[90732924ms] [ERROR] Failed to load resource: net::ERR_HTTP2_PROTOCOL_ERROR @ https://dividen.ai/api/activity/stream:0
[91036100ms] [ERROR] Failed to load resource: net::ERR_HTTP2_PROTOCOL_ERROR @ https://dividen.ai/api/activity/stream:0
[91339295ms] [ERROR] Failed to load resource: net::ERR_HTTP2_PROTOCOL_ERROR @ https://dividen.ai/api/activity/stream:0
[91642401ms] [ERROR] Failed to load resource: net::ERR_HTTP2_PROTOCOL_ERROR @ https://dividen.ai/api/activity/stream:0
[91945507ms] [ERROR] Failed to load resource: net::ERR_HTTP2_PROTOCOL_ERROR @ https://dividen.ai/api/activity/stream:0
[92248703ms] [ERROR] Failed to load resource: net::ERR_HTTP2_PROTOCOL_ERROR @ https://dividen.ai/api/activity/stream:0
[92551796ms] [ERROR] Failed to load resource: net::ERR_HTTP2_PROTOCOL_ERROR @ https://dividen.ai/api/activity/stream:0
[92854899ms] [ERROR] Failed to load resource: net::ERR_HTTP2_PROTOCOL_ERROR @ https://dividen.ai/api/activity/stream:0
[93142811ms] [LOG] [SW] Registered, scope: https://dividen.ai/ @ https://dividen.ai/_next/static/chunks/app/layout-6d2d03e3.js:0
[93142828ms] [WARNING] <meta name="apple-mobile-web-app-capable" content="yes"> is deprecated. Please include <meta name="mobile-web-app-capable" content="yes"> @ https://dividen.ai/dashboard:0
[93444062ms] [ERROR] Failed to load resource: net::ERR_HTTP2_PROTOCOL_ERROR @ https://dividen.ai/api/activity/stream:0
[93748002ms] [ERROR] Failed to load resource: net::ERR_HTTP2_PROTOCOL_ERROR @ https://dividen.ai/api/activity/stream:0
