[     233ms] [LOG] [Fast Refresh] rebuilding @ http://localhost:3001/_next/static/chunks/0rrs_next_dist_0a7eobh._.js:2477
[     907ms] [LOG] [Fast Refresh] done in 775ms @ http://localhost:3001/_next/static/chunks/0rrs_next_dist_0a7eobh._.js:2477
[    1171ms] [INFO] %cDownload the React DevTools for a better development experience: https://react.dev/link/react-devtools font-weight:bold @ http://localhost:3001/_next/static/chunks/0rrs_next_dist_0a7eobh._.js:2477
[    1221ms] [LOG] [HMR] connected @ http://localhost:3001/_next/static/chunks/0rrs_next_dist_0a7eobh._.js:2477
[    1340ms] [WARNING] Clerk: Clerk has been loaded with development keys. Development instances have strict usage limits and should not be used when deploying your application to production. Learn more: https://clerk.com/docs/deployments/overview @ http://localhost:3001/_next/static/chunks/0rrs_next_dist_0a7eobh._.js:2477
[    1385ms] [LOG] [Fast Refresh] rebuilding @ http://localhost:3001/_next/static/chunks/0rrs_next_dist_0a7eobh._.js:2477
[    1476ms] [LOG] [Fast Refresh] done in 192ms @ http://localhost:3001/_next/static/chunks/0rrs_next_dist_0a7eobh._.js:2477
[    1603ms] [LOG] [Fast Refresh] rebuilding @ http://localhost:3001/_next/static/chunks/0rrs_next_dist_0a7eobh._.js:2477
[    1611ms] [LOG] [Fast Refresh] done in 108ms @ http://localhost:3001/_next/static/chunks/0rrs_next_dist_0a7eobh._.js:2477
[   16000ms] [LOG] [Fast Refresh] rebuilding @ http://localhost:3001/_next/static/chunks/0rrs_next_dist_0a7eobh._.js:2477
[   16001ms] [LOG] [Fast Refresh] done in 102ms @ http://localhost:3001/_next/static/chunks/0rrs_next_dist_0a7eobh._.js:2477
[  140914ms] [LOG] [Fast Refresh] rebuilding @ http://localhost:3001/_next/static/chunks/0rrs_next_dist_0a7eobh._.js:2477
[  141624ms] [LOG] [Fast Refresh] done in 810ms @ http://localhost:3001/_next/static/chunks/0rrs_next_dist_0a7eobh._.js:2477
[  210401ms] [LOG] [Fast Refresh] rebuilding @ http://localhost:3001/_next/static/chunks/0rrs_next_dist_0a7eobh._.js:2477
[  210823ms] [LOG] [Fast Refresh] done in 525ms @ http://localhost:3001/_next/static/chunks/0rrs_next_dist_0a7eobh._.js:2477
[  210925ms] [LOG] [Fast Refresh] rebuilding @ http://localhost:3001/_next/static/chunks/0rrs_next_dist_0a7eobh._.js:2477
[  211144ms] [LOG] [Fast Refresh] done in 320ms @ http://localhost:3001/_next/static/chunks/0rrs_next_dist_0a7eobh._.js:2477
[  233470ms] [LOG] [Fast Refresh] rebuilding @ http://localhost:3001/_next/static/chunks/0rrs_next_dist_0a7eobh._.js:2477
[  233854ms] [LOG] [Fast Refresh] done in 487ms @ http://localhost:3001/_next/static/chunks/0rrs_next_dist_0a7eobh._.js:2477
[  233955ms] [LOG] [Fast Refresh] rebuilding @ http://localhost:3001/_next/static/chunks/0rrs_next_dist_0a7eobh._.js:2477
[  234400ms] [LOG] [Fast Refresh] done in 546ms @ http://localhost:3001/_next/static/chunks/0rrs_next_dist_0a7eobh._.js:2477
[  245149ms] [LOG] [Fast Refresh] rebuilding @ http://localhost:3001/_next/static/chunks/0rrs_next_dist_0a7eobh._.js:2477
[  245569ms] [LOG] [Fast Refresh] done in 524ms @ http://localhost:3001/_next/static/chunks/0rrs_next_dist_0a7eobh._.js:2477
[  303030ms] [LOG] [Fast Refresh] rebuilding @ http://localhost:3001/_next/static/chunks/0rrs_next_dist_0a7eobh._.js:2477
[  303265ms] [LOG] [Fast Refresh] done in 337ms @ http://localhost:3001/_next/static/chunks/0rrs_next_dist_0a7eobh._.js:2477
[  344913ms] [LOG] [Fast Refresh] rebuilding @ http://localhost:3001/_next/static/chunks/0rrs_next_dist_0a7eobh._.js:2477
[  345403ms] [LOG] [Fast Refresh] done in 592ms @ http://localhost:3001/_next/static/chunks/0rrs_next_dist_0a7eobh._.js:2477
[  345686ms] [LOG] [Fast Refresh] rebuilding @ http://localhost:3001/_next/static/chunks/0rrs_next_dist_0a7eobh._.js:2477
[  346133ms] [LOG] [Fast Refresh] done in 548ms @ http://localhost:3001/_next/static/chunks/0rrs_next_dist_0a7eobh._.js:2477
[  370867ms] [LOG] [Fast Refresh] rebuilding @ http://localhost:3001/_next/static/chunks/0rrs_next_dist_0a7eobh._.js:2477
[  371903ms] [LOG] [Fast Refresh] done in 1138ms @ http://localhost:3001/_next/static/chunks/0rrs_next_dist_0a7eobh._.js:2477
[  372004ms] [LOG] [Fast Refresh] rebuilding @ http://localhost:3001/_next/static/chunks/0rrs_next_dist_0a7eobh._.js:2477
[  372424ms] [LOG] [Fast Refresh] done in 520ms @ http://localhost:3001/_next/static/chunks/0rrs_next_dist_0a7eobh._.js:2477
[  549408ms] [LOG] [Fast Refresh] rebuilding @ http://localhost:3001/_next/static/chunks/0rrs_next_dist_0a7eobh._.js:2477
[  549457ms] [LOG] [Fast Refresh] done in 150ms @ http://localhost:3001/_next/static/chunks/0rrs_next_dist_0a7eobh._.js:2477
[  637678ms] [LOG] [Fast Refresh] rebuilding @ http://localhost:3001/_next/static/chunks/0rrs_next_dist_0a7eobh._.js:2477
[  637894ms] [LOG] [Fast Refresh] done in 318ms @ http://localhost:3001/_next/static/chunks/0rrs_next_dist_0a7eobh._.js:2477
[  659405ms] [LOG] [Fast Refresh] rebuilding @ http://localhost:3001/_next/static/chunks/0rrs_next_dist_0a7eobh._.js:2477
[  659464ms] [LOG] [Fast Refresh] done in 161ms @ http://localhost:3001/_next/static/chunks/0rrs_next_dist_0a7eobh._.js:2477
[  672852ms] [LOG] [Fast Refresh] rebuilding @ http://localhost:3001/_next/static/chunks/0rrs_next_dist_0a7eobh._.js:2477
[  674357ms] [LOG] [Fast Refresh] done in 1600ms @ http://localhost:3001/_next/static/chunks/0rrs_next_dist_0a7eobh._.js:2477
[  732576ms] [LOG] [Fast Refresh] rebuilding @ http://localhost:3001/_next/static/chunks/0rrs_next_dist_0a7eobh._.js:2477
[  733097ms] [LOG] [Fast Refresh] done in 623ms @ http://localhost:3001/_next/static/chunks/0rrs_next_dist_0a7eobh._.js:2477
[  753745ms] [LOG] [Fast Refresh] rebuilding @ http://localhost:3001/_next/static/chunks/0rrs_next_dist_0a7eobh._.js:2477
[  753807ms] [LOG] [Fast Refresh] done in 140ms @ http://localhost:3001/_next/static/chunks/0rrs_next_dist_0a7eobh._.js:2477
[  755803ms] [LOG] [Fast Refresh] rebuilding @ http://localhost:3001/_next/static/chunks/0rrs_next_dist_0a7eobh._.js:2477
[  755866ms] [LOG] [Fast Refresh] done in 163ms @ http://localhost:3001/_next/static/chunks/0rrs_next_dist_0a7eobh._.js:2477
[  777410ms] [LOG] [Fast Refresh] rebuilding @ http://localhost:3001/_next/static/chunks/0rrs_next_dist_0a7eobh._.js:2477
[  777434ms] [LOG] [Fast Refresh] done in 126ms @ http://localhost:3001/_next/static/chunks/0rrs_next_dist_0a7eobh._.js:2477
[  872623ms] [LOG] [Fast Refresh] rebuilding @ http://localhost:3001/_next/static/chunks/0rrs_next_dist_0a7eobh._.js:2477
[  872632ms] [LOG] [Fast Refresh] done in 78ms @ http://localhost:3001/_next/static/chunks/0rrs_next_dist_0a7eobh._.js:2477
[  873089ms] [LOG] [Fast Refresh] rebuilding @ http://localhost:3001/_next/static/chunks/0rrs_next_dist_0a7eobh._.js:2477
[  873256ms] [LOG] [Fast Refresh] done in 268ms @ http://localhost:3001/_next/static/chunks/0rrs_next_dist_0a7eobh._.js:2477
[  881708ms] [ERROR] WebSocket connection to 'ws://localhost:3001/_next/webpack-hmr?id=ab6aAuf-_RCliLn5j6WlP' failed: Error in connection establishment: net::ERR_CONNECTION_REFUSED @ http://localhost:3001/_next/static/chunks/0rrs_next_dist_client_0rdh1k2._.js:13322
[  882711ms] [ERROR] WebSocket connection to 'ws://localhost:3001/_next/webpack-hmr?id=ab6aAuf-_RCliLn5j6WlP' failed: Error in connection establishment: net::ERR_CONNECTION_REFUSED @ http://localhost:3001/_next/static/chunks/0rrs_next_dist_client_0rdh1k2._.js:13322
[  884688ms] [LOG] [HMR] connected @ http://localhost:3001/_next/static/chunks/0rrs_next_dist_0a7eobh._.js:2477
[  886182ms] [INFO] %cDownload the React DevTools for a better development experience: https://react.dev/link/react-devtools font-weight:bold @ http://localhost:3001/_next/static/chunks/0rrs_next_dist_0a7eobh._.js:2477
[  886209ms] [LOG] [HMR] connected @ http://localhost:3001/_next/static/chunks/0rrs_next_dist_0a7eobh._.js:2477
[  886428ms] [WARNING] Clerk: Clerk has been loaded with development keys. Development instances have strict usage limits and should not be used when deploying your application to production. Learn more: https://clerk.com/docs/deployments/overview @ http://localhost:3001/_next/static/chunks/0rrs_next_dist_0a7eobh._.js:2477
[  902779ms] [LOG] [Fast Refresh] rebuilding @ http://localhost:3001/_next/static/chunks/0rrs_next_dist_0a7eobh._.js:2477
[  904213ms] [LOG] [Fast Refresh] done in 1535ms @ http://localhost:3001/_next/static/chunks/0rrs_next_dist_0a7eobh._.js:2477
[  904315ms] [LOG] [Fast Refresh] rebuilding @ http://localhost:3001/_next/static/chunks/0rrs_next_dist_0a7eobh._.js:2477
[  904494ms] [LOG] [Fast Refresh] done in 281ms @ http://localhost:3001/_next/static/chunks/0rrs_next_dist_0a7eobh._.js:2477
[  904596ms] [LOG] [Fast Refresh] rebuilding @ http://localhost:3001/_next/static/chunks/0rrs_next_dist_0a7eobh._.js:2477
[  904784ms] [LOG] [Fast Refresh] done in 290ms @ http://localhost:3001/_next/static/chunks/0rrs_next_dist_0a7eobh._.js:2477
[  912452ms] [LOG] [Fast Refresh] rebuilding @ http://localhost:3001/_next/static/chunks/0rrs_next_dist_0a7eobh._.js:2477
[  912779ms] [LOG] [Fast Refresh] done in 428ms @ http://localhost:3001/_next/static/chunks/0rrs_next_dist_0a7eobh._.js:2477
[  957300ms] [LOG] [Fast Refresh] rebuilding @ http://localhost:3001/_next/static/chunks/0rrs_next_dist_0a7eobh._.js:2477
[  957928ms] [LOG] [Fast Refresh] done in 730ms @ http://localhost:3001/_next/static/chunks/0rrs_next_dist_0a7eobh._.js:2477
[  958030ms] [LOG] [Fast Refresh] rebuilding @ http://localhost:3001/_next/static/chunks/0rrs_next_dist_0a7eobh._.js:2477
[  958193ms] [LOG] [Fast Refresh] done in 265ms @ http://localhost:3001/_next/static/chunks/0rrs_next_dist_0a7eobh._.js:2477
[  980548ms] [LOG] [Fast Refresh] rebuilding @ http://localhost:3001/_next/static/chunks/0rrs_next_dist_0a7eobh._.js:2477
[  980962ms] [LOG] [Fast Refresh] done in 515ms @ http://localhost:3001/_next/static/chunks/0rrs_next_dist_0a7eobh._.js:2477
[  986350ms] [LOG] [Fast Refresh] rebuilding @ http://localhost:3001/_next/static/chunks/0rrs_next_dist_0a7eobh._.js:2477
[  986373ms] [LOG] [Fast Refresh] done in 124ms @ http://localhost:3001/_next/static/chunks/0rrs_next_dist_0a7eobh._.js:2477
[ 1079143ms] [LOG] [Fast Refresh] rebuilding @ http://localhost:3001/_next/static/chunks/0rrs_next_dist_0a7eobh._.js:2477
[ 1079230ms] [LOG] [Fast Refresh] done in 188ms @ http://localhost:3001/_next/static/chunks/0rrs_next_dist_0a7eobh._.js:2477
[ 1080629ms] [LOG] [Fast Refresh] rebuilding @ http://localhost:3001/_next/static/chunks/0rrs_next_dist_0a7eobh._.js:2477
[ 1081118ms] [LOG] [Fast Refresh] done in 589ms @ http://localhost:3001/_next/static/chunks/0rrs_next_dist_0a7eobh._.js:2477
[ 1086796ms] [LOG] [Fast Refresh] rebuilding @ http://localhost:3001/_next/static/chunks/0rrs_next_dist_0a7eobh._.js:2477
[ 1086804ms] [LOG] [Fast Refresh] done in 109ms @ http://localhost:3001/_next/static/chunks/0rrs_next_dist_0a7eobh._.js:2477
[ 1241250ms] [LOG] [Fast Refresh] rebuilding @ http://localhost:3001/_next/static/chunks/0rrs_next_dist_0a7eobh._.js:2477
[ 1242658ms] [LOG] [Fast Refresh] done in 1510ms @ http://localhost:3001/_next/static/chunks/0rrs_next_dist_0a7eobh._.js:2477
[ 1244326ms] [LOG] [Fast Refresh] rebuilding @ http://localhost:3001/_next/static/chunks/0rrs_next_dist_0a7eobh._.js:2477
[ 1244636ms] [LOG] [Fast Refresh] done in 410ms @ http://localhost:3001/_next/static/chunks/0rrs_next_dist_0a7eobh._.js:2477
[ 1397459ms] [LOG] [Fast Refresh] rebuilding @ http://localhost:3001/_next/static/chunks/0rrs_next_dist_0a7eobh._.js:2477
[ 1397623ms] [LOG] [Fast Refresh] done in 266ms @ http://localhost:3001/_next/static/chunks/0rrs_next_dist_0a7eobh._.js:2477
[ 1401597ms] [LOG] [Fast Refresh] rebuilding @ http://localhost:3001/_next/static/chunks/0rrs_next_dist_0a7eobh._.js:2477
[ 1401597ms] [LOG] [Fast Refresh] done in 102ms @ http://localhost:3001/_next/static/chunks/0rrs_next_dist_0a7eobh._.js:2477
[ 1408889ms] [LOG] [Fast Refresh] rebuilding @ http://localhost:3001/_next/static/chunks/0rrs_next_dist_0a7eobh._.js:2477
[ 1410176ms] [LOG] [Fast Refresh] done in 1388ms @ http://localhost:3001/_next/static/chunks/0rrs_next_dist_0a7eobh._.js:2477
[ 1410276ms] [LOG] [Fast Refresh] rebuilding @ http://localhost:3001/_next/static/chunks/0rrs_next_dist_0a7eobh._.js:2477
[ 1410548ms] [LOG] [Fast Refresh] done in 371ms @ http://localhost:3001/_next/static/chunks/0rrs_next_dist_0a7eobh._.js:2477
[ 1434253ms] [LOG] [Fast Refresh] rebuilding @ http://localhost:3001/_next/static/chunks/0rrs_next_dist_0a7eobh._.js:2477
[ 1434580ms] [LOG] [Fast Refresh] done in 428ms @ http://localhost:3001/_next/static/chunks/0rrs_next_dist_0a7eobh._.js:2477
[ 1434682ms] [LOG] [Fast Refresh] rebuilding @ http://localhost:3001/_next/static/chunks/0rrs_next_dist_0a7eobh._.js:2477
[ 1434957ms] [LOG] [Fast Refresh] done in 377ms @ http://localhost:3001/_next/static/chunks/0rrs_next_dist_0a7eobh._.js:2477
[ 1435059ms] [LOG] [Fast Refresh] rebuilding @ http://localhost:3001/_next/static/chunks/0rrs_next_dist_0a7eobh._.js:2477
[ 1435194ms] [LOG] [Fast Refresh] done in 236ms @ http://localhost:3001/_next/static/chunks/0rrs_next_dist_0a7eobh._.js:2477
[ 1435295ms] [LOG] [Fast Refresh] rebuilding @ http://localhost:3001/_next/static/chunks/0rrs_next_dist_0a7eobh._.js:2477
[ 1435549ms] [LOG] [Fast Refresh] done in 356ms @ http://localhost:3001/_next/static/chunks/0rrs_next_dist_0a7eobh._.js:2477
[ 1467099ms] [LOG] [Fast Refresh] rebuilding @ http://localhost:3001/_next/static/chunks/0rrs_next_dist_0a7eobh._.js:2477
[ 1467293ms] [LOG] [Fast Refresh] done in 295ms @ http://localhost:3001/_next/static/chunks/0rrs_next_dist_0a7eobh._.js:2477
[ 1467394ms] [LOG] [Fast Refresh] rebuilding @ http://localhost:3001/_next/static/chunks/0rrs_next_dist_0a7eobh._.js:2477
[ 1467712ms] [LOG] [Fast Refresh] done in 418ms @ http://localhost:3001/_next/static/chunks/0rrs_next_dist_0a7eobh._.js:2477
[ 1467937ms] [LOG] [Fast Refresh] rebuilding @ http://localhost:3001/_next/static/chunks/0rrs_next_dist_0a7eobh._.js:2477
[ 1468340ms] [LOG] [Fast Refresh] done in 504ms @ http://localhost:3001/_next/static/chunks/0rrs_next_dist_0a7eobh._.js:2477
[ 1476013ms] [LOG] [Fast Refresh] rebuilding @ http://localhost:3001/_next/static/chunks/0rrs_next_dist_0a7eobh._.js:2477
[ 1476361ms] [LOG] [Fast Refresh] done in 452ms @ http://localhost:3001/_next/static/chunks/0rrs_next_dist_0a7eobh._.js:2477
[ 1491807ms] [LOG] [Fast Refresh] rebuilding @ http://localhost:3001/_next/static/chunks/0rrs_next_dist_0a7eobh._.js:2477
[ 1492148ms] [LOG] [Fast Refresh] done in 443ms @ http://localhost:3001/_next/static/chunks/0rrs_next_dist_0a7eobh._.js:2477
[ 1713529ms] [LOG] [Fast Refresh] rebuilding @ http://localhost:3001/_next/static/chunks/0rrs_next_dist_0a7eobh._.js:2477
[ 1713591ms] [LOG] [Fast Refresh] done in 163ms @ http://localhost:3001/_next/static/chunks/0rrs_next_dist_0a7eobh._.js:2477
[ 1747887ms] [LOG] [Fast Refresh] rebuilding @ http://localhost:3001/_next/static/chunks/0rrs_next_dist_0a7eobh._.js:2477
[ 1747932ms] [LOG] [Fast Refresh] done in 147ms @ http://localhost:3001/_next/static/chunks/0rrs_next_dist_0a7eobh._.js:2477
[ 1971421ms] [LOG] [Fast Refresh] rebuilding @ http://localhost:3001/_next/static/chunks/0rrs_next_dist_0a7eobh._.js:2477
[ 1971499ms] [LOG] [Fast Refresh] done in 181ms @ http://localhost:3001/_next/static/chunks/0rrs_next_dist_0a7eobh._.js:2477
[ 1990544ms] [LOG] [Fast Refresh] rebuilding @ http://localhost:3001/_next/static/chunks/0rrs_next_dist_0a7eobh._.js:2477
[ 1990864ms] [LOG] [Fast Refresh] done in 422ms @ http://localhost:3001/_next/static/chunks/0rrs_next_dist_0a7eobh._.js:2477
[ 2018765ms] [LOG] [Fast Refresh] rebuilding @ http://localhost:3001/_next/static/chunks/0rrs_next_dist_0a7eobh._.js:2477
[ 2019492ms] [LOG] [Fast Refresh] done in 829ms @ http://localhost:3001/_next/static/chunks/0rrs_next_dist_0a7eobh._.js:2477
