[     827ms] [WARNING] <meta name="apple-mobile-web-app-capable" content="yes"> is deprecated. Please include <meta name="mobile-web-app-capable" content="yes"> @ https://dividen.ai/:0
[    1026ms] [LOG] [SW] Registered, scope: https://dividen.ai/ @ https://dividen.ai/_next/static/chunks/app/layout-6d2d03e3.js:0
[    1307ms] [INFO] Banner not shown: beforeinstallpromptevent.preventDefault() called. The page must call beforeinstallpromptevent.prompt() to show the banner. @ https://dividen.ai/:0
[    1443ms] [LOG] [SW] Controller changed — reloading for fresh version @ https://dividen.ai/_next/static/chunks/app/layout-6d2d03e3.js:0
[    1443ms] [LOG] [SW] New version activated — app updated @ https://dividen.ai/_next/static/chunks/app/layout-6d2d03e3.js:0
[    1580ms] [ERROR] Failed to fetch RSC payload for https://dividen.ai/updates. Falling back to browser navigation. TypeError: Failed to fetch
    at s (https://dividen.ai/_next/static/chunks/117-760cd612.js:1:45417)
    at https://dividen.ai/_next/static/chunks/117-760cd612.js:1:58943
    at Object.u [as task] (https://dividen.ai/_next/static/chunks/117-760cd612.js:1:31834)
    at c.s (https://dividen.ai/_next/static/chunks/117-760cd612.js:1:32539)
    at c.enqueue (https://dividen.ai/_next/static/chunks/117-760cd612.js:1:31964)
    at s (https://dividen.ai/_next/static/chunks/117-760cd612.js:1:58906)
    at i (https://dividen.ai/_next/static/chunks/117-760cd612.js:1:58446)
    at a (https://dividen.ai/_next/static/chunks/117-760cd612.js:1:65235)
    at f (https://dividen.ai/_next/static/chunks/117-760cd612.js:1:75079)
    at Object.action (https://dividen.ai/_next/static/chunks/117-760cd612.js:2:7082) @ https://dividen.ai/_next/static/chunks/117-760cd612.js:0
[    1580ms] [ERROR] Failed to fetch RSC payload for https://dividen.ai/documentation. Falling back to browser navigation. TypeError: Failed to fetch
    at s (https://dividen.ai/_next/static/chunks/117-760cd612.js:1:45417)
    at https://dividen.ai/_next/static/chunks/117-760cd612.js:1:58943
    at Object.u [as task] (https://dividen.ai/_next/static/chunks/117-760cd612.js:1:31834)
    at c.s (https://dividen.ai/_next/static/chunks/117-760cd612.js:1:32539)
    at c.enqueue (https://dividen.ai/_next/static/chunks/117-760cd612.js:1:31964)
    at s (https://dividen.ai/_next/static/chunks/117-760cd612.js:1:58906)
    at i (https://dividen.ai/_next/static/chunks/117-760cd612.js:1:58446)
    at a (https://dividen.ai/_next/static/chunks/117-760cd612.js:1:65235)
    at f (https://dividen.ai/_next/static/chunks/117-760cd612.js:1:75079)
    at Object.action (https://dividen.ai/_next/static/chunks/117-760cd612.js:2:7082) @ https://dividen.ai/_next/static/chunks/117-760cd612.js:0
[    1581ms] [ERROR] Failed to fetch RSC payload for https://dividen.ai/setup. Falling back to browser navigation. TypeError: Failed to fetch
    at s (https://dividen.ai/_next/static/chunks/117-760cd612.js:1:45417)
    at https://dividen.ai/_next/static/chunks/117-760cd612.js:1:58943
    at Object.u [as task] (https://dividen.ai/_next/static/chunks/117-760cd612.js:1:31834)
    at c.s (https://dividen.ai/_next/static/chunks/117-760cd612.js:1:32539)
    at c.enqueue (https://dividen.ai/_next/static/chunks/117-760cd612.js:1:31964)
    at s (https://dividen.ai/_next/static/chunks/117-760cd612.js:1:58906)
    at i (https://dividen.ai/_next/static/chunks/117-760cd612.js:1:58446)
    at a (https://dividen.ai/_next/static/chunks/117-760cd612.js:1:65235)
    at f (https://dividen.ai/_next/static/chunks/117-760cd612.js:1:75079)
    at Object.action (https://dividen.ai/_next/static/chunks/117-760cd612.js:2:7082) @ https://dividen.ai/_next/static/chunks/117-760cd612.js:0
[    1581ms] [ERROR] Failed to fetch RSC payload for https://dividen.ai/login. Falling back to browser navigation. TypeError: Failed to fetch
    at s (https://dividen.ai/_next/static/chunks/117-760cd612.js:1:45417)
    at https://dividen.ai/_next/static/chunks/117-760cd612.js:1:58943
    at Object.u [as task] (https://dividen.ai/_next/static/chunks/117-760cd612.js:1:31834)
    at c.s (https://dividen.ai/_next/static/chunks/117-760cd612.js:1:32539)
    at c.enqueue (https://dividen.ai/_next/static/chunks/117-760cd612.js:1:31964)
    at s (https://dividen.ai/_next/static/chunks/117-760cd612.js:1:58906)
    at i (https://dividen.ai/_next/static/chunks/117-760cd612.js:1:58446)
    at a (https://dividen.ai/_next/static/chunks/117-760cd612.js:1:65235)
    at f (https://dividen.ai/_next/static/chunks/117-760cd612.js:1:75079)
    at Object.action (https://dividen.ai/_next/static/chunks/117-760cd612.js:2:7082) @ https://dividen.ai/_next/static/chunks/117-760cd612.js:0
[    1671ms] [WARNING] <meta name="apple-mobile-web-app-capable" content="yes"> is deprecated. Please include <meta name="mobile-web-app-capable" content="yes"> @ https://dividen.ai/:0
[    1679ms] [INFO] Banner not shown: beforeinstallpromptevent.preventDefault() called. The page must call beforeinstallpromptevent.prompt() to show the banner. @ https://dividen.ai/:0
[    3396ms] [LOG] [SW] Registered, scope: https://dividen.ai/ @ https://dividen.ai/_next/static/chunks/app/layout-6d2d03e3.js:0
[   11745ms] [WARNING] <meta name="apple-mobile-web-app-capable" content="yes"> is deprecated. Please include <meta name="mobile-web-app-capable" content="yes"> @ https://dividen.ai/login:0
[   11845ms] [VERBOSE] [DOM] Input elements should have autocomplete attributes (suggested: "current-password"): (More info: https://goo.gl/9p2vKq) %o @ https://dividen.ai/login:0
[   36182ms] [ERROR] Failed to load resource: the server responded with a status of 401 () @ https://dividen.ai/api/auth/callback/credentials:0
[   45206ms] [WARNING] <meta name="apple-mobile-web-app-capable" content="yes"> is deprecated. Please include <meta name="mobile-web-app-capable" content="yes"> @ https://dividen.ai/dashboard:0
